--- Copying files at Mon Apr  3 18:15:20 UTC 2023
--- Copying files at Mon Apr  3 18:23:27 UTC 2023
--- Copying files at Mon Apr  3 18:26:43 UTC 2023
--- Copying files at Tue Apr  4 15:16:41 UTC 2023
--- Copying files at Tue Apr  4 16:26:25 UTC 2023
--- Copying files at Tue Apr  4 18:07:26 UTC 2023
--- Copying files at Tue Apr  4 18:56:02 UTC 2023
--- Copying files at Tue Apr  4 19:06:49 UTC 2023
--- Copying files at Tue Apr  4 20:06:15 UTC 2023
--- Copying files at Tue Apr  4 21:41:24 UTC 2023
--- Copying files at Tue Apr  4 21:45:03 UTC 2023
--- Copying files at Tue Apr  4 21:47:21 UTC 2023
--- Copying files at Tue Apr  4 22:02:54 UTC 2023
--- Copying files at Tue Apr  4 22:12:51 UTC 2023
--- Copying files at Tue Apr  4 22:26:17 UTC 2023
--- Copying files at Sun Apr  9 21:40:48 UTC 2023
--- Copying files at Sun Apr  9 22:01:21 UTC 2023
--- Copying files at Mon Apr 10 14:53:21 UTC 2023
--- Copying files at Mon Apr 10 19:20:33 UTC 2023
--- Copying files at Mon Apr 10 20:23:17 UTC 2023
--- Copying files at Mon Apr 10 20:52:50 UTC 2023
--- Copying files at Mon Apr 10 20:56:01 UTC 2023
--- Copying files at Mon Apr 10 20:56:52 UTC 2023
--- Copying files at Mon Apr 10 21:37:39 UTC 2023
--- Copying files at Mon Apr 10 21:39:53 UTC 2023
--- Copying files at Mon Apr 10 21:50:22 UTC 2023
--- Copying files at Mon Apr 10 21:51:55 UTC 2023
--- Copying files at Mon Apr 10 21:53:00 UTC 2023
--- Copying files at Mon Apr 10 21:54:37 UTC 2023
--- Copying files at Mon Apr 10 21:55:17 UTC 2023
--- Copying files at Mon Apr 10 21:56:07 UTC 2023
--- Copying files at Mon Apr 10 22:00:41 UTC 2023
--- Copying files at Mon Apr 10 22:03:13 UTC 2023
--- Copying files at Mon Apr 10 22:04:33 UTC 2023
--- Copying files at Mon Apr 10 22:18:35 UTC 2023
--- Copying files at Mon Apr 10 22:22:31 UTC 2023
--- Copying files at Mon Apr 10 22:25:01 UTC 2023
--- Copying files at Mon Apr 10 22:40:20 UTC 2023
--- Copying files at Mon Apr 10 23:03:38 UTC 2023
--- Copying files at Mon Apr 10 23:16:12 UTC 2023
--- Copying files at Mon Apr 10 23:36:53 UTC 2023
--- Copying files at Mon Apr 10 23:39:29 UTC 2023
--- Copying files at Mon Apr 10 23:41:56 UTC 2023
--- Copying files at Mon Apr 10 23:44:31 UTC 2023
--- Copying files at Mon Apr 10 23:46:46 UTC 2023
--- Copying files at Mon Apr 10 23:52:00 UTC 2023
--- Copying files at Tue Apr 11 14:09:17 UTC 2023
--- Copying files at Tue Apr 11 14:16:50 UTC 2023
--- Copying files at Tue Apr 11 14:20:03 UTC 2023
--- Copying files at Tue Apr 11 14:25:40 UTC 2023
--- Copying files at Tue Apr 11 14:42:11 UTC 2023
--- Copying files at Tue Apr 11 14:55:41 UTC 2023
--- Copying files at Tue Apr 11 15:01:48 UTC 2023
--- Copying files at Tue Apr 11 15:03:47 UTC 2023
--- Copying files at Tue Apr 11 15:07:04 UTC 2023
--- Copying files at Tue Apr 11 15:20:41 UTC 2023
--- Copying files at Tue Apr 11 15:23:41 UTC 2023
--- Copying files at Tue Apr 11 15:32:20 UTC 2023
--- Copying files at Tue Apr 11 15:34:54 UTC 2023
--- Copying files at Tue Apr 11 15:36:55 UTC 2023
--- Copying files at Tue Apr 11 15:38:20 UTC 2023
--- Copying files at Tue Apr 11 15:39:19 UTC 2023
--- Copying files at Tue Apr 11 15:44:38 UTC 2023
--- Copying files at Tue Apr 11 15:53:00 UTC 2023
--- Copying files at Tue Apr 11 16:01:35 UTC 2023
--- Copying files at Tue Apr 11 17:15:40 UTC 2023
--- Copying files at Tue Apr 11 17:21:24 UTC 2023
--- Copying files at Tue Apr 11 17:23:38 UTC 2023
--- Copying files at Tue Apr 11 17:47:38 UTC 2023
